<?xml version="1.0" encoding="UTF-8"?>
<testsuite name="com.sofkau.ScrollbarsTest" tests="1" skipped="0" failures="0" errors="0" timestamp="2025-02-21T01:18:01" hostname="PC-JULIAN" time="5.026">
  <properties/>
  <testcase name="testScrollAndClickButton()" classname="com.sofkau.ScrollbarsTest" time="5.026"/>
  <system-out><![CDATA[Botón clickeado exitosamente
]]></system-out>
  <system-err><![CDATA[feb 20, 2025 8:18:01 P. M. org.openqa.selenium.remote.service.DriverService$Builder getLogOutput
INFO: Driver logs no longer sent to console by default; https://www.selenium.dev/documentation/webdriver/drivers/service/#setting-log-output
SLF4J: Failed to load class "org.slf4j.impl.StaticLoggerBinder".
SLF4J: Defaulting to no-operation (NOP) logger implementation
SLF4J: See http://www.slf4j.org/codes.html#StaticLoggerBinder for further details.
feb 20, 2025 8:18:03 P. M. org.openqa.selenium.devtools.CdpVersionFinder findNearestMatch
WARNING: Unable to find CDP implementation matching 133
feb 20, 2025 8:18:03 P. M. org.openqa.selenium.chromium.ChromiumDriver lambda$new$4
WARNING: Unable to find version of CDP to use for . You may need to include a dependency on a specific version of the CDP using something similar to `org.seleniumhq.selenium:selenium-devtools-v86:4.10.0` where the version ("v86") matches the version of the chromium-based browser you're using and the version number of the artifact is the same as Selenium's.
]]></system-err>
</testsuite>
